[debug] [2021-06-16T15:58:47.624Z] ----------------------------------------------------------------------
[debug] [2021-06-16T15:58:47.626Z] Command:       C:\Program Files\nodejs\node.exe C:\Users\Thinomal\AppData\Roaming\npm\node_modules\firebase-tools\lib\bin\firebase.js init
[debug] [2021-06-16T15:58:47.627Z] CLI Version:   9.12.1
[debug] [2021-06-16T15:58:47.627Z] Platform:      win32
[debug] [2021-06-16T15:58:47.627Z] Node Version:  v14.15.3
[debug] [2021-06-16T15:58:47.628Z] Time:          Wed Jun 16 2021 21:28:47 GMT+0530 (India Standard Time)
[debug] [2021-06-16T15:58:47.628Z] ----------------------------------------------------------------------
[debug] 
[debug] [2021-06-16T15:58:47.630Z] >>> [apiv2][query] GET https://firebase-public.firebaseio.com/cli.json [none]
[debug] [2021-06-16T15:58:47.650Z] > command requires scopes: ["email","openid","https://www.googleapis.com/auth/cloudplatformprojects.readonly","https://www.googleapis.com/auth/firebase","https://www.googleapis.com/auth/cloud-platform"]
[debug] [2021-06-16T15:58:47.650Z] > authorizing via signed-in user (thinomal.b@gmail.com)
[info] 
     ######## #### ########  ######## ########     ###     ######  ########
     ##        ##  ##     ## ##       ##     ##  ##   ##  ##       ##
     ######    ##  ########  ######   ########  #########  ######  ######
     ##        ##  ##    ##  ##       ##     ## ##     ##       ## ##
     ##       #### ##     ## ######## ########  ##     ##  ######  ########

You're about to initialize a Firebase project in this directory:

  F:\React projects\photo-album

Before we get started, keep in mind:

  * You are initializing in an existing Firebase project directory

[debug] [2021-06-16T15:58:48.731Z] <<< [apiv2][status] GET https://firebase-public.firebaseio.com/cli.json 200
[debug] [2021-06-16T15:58:48.731Z] <<< [apiv2][body] GET https://firebase-public.firebaseio.com/cli.json {"cloudBuildErrorAfter":1594252800000,"cloudBuildWarnAfter":1590019200000,"defaultNode10After":1594252800000,"minVersion":"3.0.5","node8DeploysDisabledAfter":1613390400000,"node8RuntimeDisabledAfter":1615809600000,"node8WarnAfter":1600128000000}
